<?xml version="1.0" encoding="UTF-8" ?>
<testsuite tests="67" failures="0" name="cucumber.Options.TestRunner" time="24.211" errors="0" skipped="0">
  <properties>
[...]
</properties>
  <testcase classname="Validating Balance enquiry API" name="Verify if Balance enquiry API is working with Positive" time="6.527"/>
  <testcase classname="Validating Balance enquiry API" name="Verify if Balance enquiry API is working with null appVersionNumber" time="0.076"/>
  <testcase classname="Validating Balance enquiry API" name="Verify if Balance enquiry API is working with null batchNumber" time="0.09"/>
  <testcase classname="Validating Balance enquiry API" name="Verify if Balance enquiry API is working with null invoiceNumber" time="0.189"/>
  <testcase classname="Validating Balance enquiry API" name="Verify if Balance enquiry API is working with null merchantID" time="0.063"/>
  <testcase classname="Validating Balance enquiry API" name="Verify if Balance enquiry API is working with null merchantNameLoc" time="0.077"/>
  <testcase classname="Validating Balance enquiry API" name="Verify if Balance enquiry API is working with null nii" time="0.077"/>
  <testcase classname="Validating Balance enquiry API" name="Verify if Balance enquiry API is working with null posEntryMode" time="0.083"/>
  <testcase classname="Validating Balance enquiry API" name="Verify if Balance enquiry API is working with null posSerialNumber" time="0.107"/>
  <testcase classname="Validating Balance enquiry API" name="Verify if Balance enquiry API is working with null processingCode" time="0.087"/>
  <testcase classname="Validating Balance enquiry API" name="Verify if Balance enquiry API is working with null reqId" time="0.07"/>
  <testcase classname="Validating Balance enquiry API" name="Verify if Balance enquiry API is working with null stan" time="0.067"/>
  <testcase classname="Validating Balance enquiry API" name="Verify if Balance enquiry API is working with null terminalId" time="0.075"/>
  <testcase classname="Validating Balance enquiry API" name="Verify if Balance enquiry API is working with null track2Data" time="0.098"/>
  <testcase classname="Validating Balance enquiry API" name="Verify if Balance enquiry API is working with null amount" time="0.066"/>
  <testcase classname="Validating Balance enquiry API" name="Verify if Balance enquiry API is working with null ChipData" time="0.109"/>
  <testcase classname="Validating Balance enquiry API" name="Verify if Balance enquiry API is working with wrong mid" time="0.512"/>
  <testcase classname="Validating Balance enquiry API" name="Verify if Balance enquiry API is working with wrong tid" time="0.491"/>
  <testcase classname="Validating Operator key API #1" name="Verify if keyinjection API is working with positive" time="0.374"/>
  <testcase classname="Validating online sale API" name="Verify if online sale API is working with Positive" time="3.675"/>
  <testcase classname="Validating online sale API" name="Verify if online sale API is working with null appVersionNumber" time="0.057"/>
  <testcase classname="Validating online sale API" name="Verify if online sale API is working with null batchNumber" time="0.087"/>
  <testcase classname="Validating online sale API" name="Verify if online sale API is working with null invoiceNumber" time="0.057"/>
  <testcase classname="Validating online sale API" name="Verify if online sale API is working with null merchantID" time="0.057"/>
  <testcase classname="Validating online sale API" name="Verify if online sale API is working with null merchantNameLoc" time="0.063"/>
  <testcase classname="Validating online sale API" name="Verify if online sale API is working with null nii" time="0.059"/>
  <testcase classname="Validating online sale API" name="Verify if online sale API is working with null posEntryMode" time="0.057"/>
  <testcase classname="Validating online sale API" name="Verify if online sale API is working with null posSerialNumber" time="0.063"/>
  <testcase classname="Validating online sale API" name="Verify if online sale API is working with null processingCode" time="0.071"/>
  <testcase classname="Validating online sale API" name="Verify if online sale API is working with null reqId" time="0.058"/>
  <testcase classname="Validating online sale API" name="Verify if online sale API is working with null stan" time="0.057"/>
  <testcase classname="Validating online sale API" name="Verify if online sale API is working with null terminalId" time="0.068"/>
  <testcase classname="Validating online sale API" name="Verify if online sale API is working with null track2Data" time="0.061"/>
  <testcase classname="Validating online sale API" name="Verify if online sale API is working with null amount" time="0.055"/>
  <testcase classname="Validating online sale API" name="Verify if online sale API is working with null ChipData" time="0.066"/>
  <testcase classname="Validating online sale API" name="Verify if online sale API is working with wrong mid" time="0.463"/>
  <testcase classname="Validating online sale API" name="Verify if online sale API is working with wrong tid" time="0.468"/>
  <testcase classname="Validating online sale API" name="Verify if online sale API is working with wrong pos serial number" time="0.451"/>
  <testcase classname="Validating online sale API" name="Verify if online sale API is working with wrong processing code" time="0.059"/>
  <testcase classname="Validating Operator key API #2" name="Verify if Operator key API is working with positive" time="0.891"/>
  <testcase classname="Validating Parameter download API" name="Verify if Parameter download API is working with correct data" time="1.25"/>
  <testcase classname="Validating Parameter download API" name="Verify if Parameter download API is working with null appVersionNumber" time="0.065"/>
  <testcase classname="Validating Parameter download API" name="Verify if Parameter download API is working with null MerchantID" time="0.067"/>
  <testcase classname="Validating Parameter download API" name="Verify if Parameter download API is working with null PosSerialNumber" time="0.064"/>
  <testcase classname="Validating Parameter download API" name="Verify if Parameter download API is working with null ProcessingCode" time="0.063"/>
  <testcase classname="Validating Parameter download API" name="Verify if Parameter download API is working with null ReqId" time="0.059"/>
  <testcase classname="Validating Parameter download API" name="Verify if Parameter download API is working with null Stan" time="0.065"/>
  <testcase classname="Validating Parameter download API" name="Verify if Parameter download API is working with null TerminalId" time="0.071"/>
  <testcase classname="Validating Parameter download API" name="Verify if Parameter download API is working with null batchNumber" time="0.079"/>
  <testcase classname="Validating Parameter download API" name="Verify if Parameter download API is working with wrong mid" time="0.333"/>
  <testcase classname="Validating Parameter download API" name="Verify if Parameter download API is working with worng TerminalId" time="0.33"/>
  <testcase classname="Validating Parameter download API" name="Verify if Parameter download API is working with Wrong processingCode" time="0.059"/>
  <testcase classname="Validating Parameter download API" name="Verify if Parameter download API is working with Wrong posSerialNumber" time="0.046"/>
  <testcase classname="Validating topUp  API" name="Verify if topup API is working with Positive" time="3.57"/>
  <testcase classname="Validating Logon API" name="Verify if Logon API is working with correct data" time="0.621"/>
  <testcase classname="Validating Logon API" name="Verify if Logon API is working with null app version" time="0.068"/>
  <testcase classname="Validating Logon API" name="Verify if Logon API is working with null merchantID" time="0.052"/>
  <testcase classname="Validating Logon API" name="Verify if Logon API is working with null merchantNameLoc" time="0.124"/>
  <testcase classname="Validating Logon API" name="Verify if Logon API is working with null posSerialNumber" time="0.083"/>
  <testcase classname="Validating Logon API" name="Verify if Logon API is working with null processingCode" time="0.051"/>
  <testcase classname="Validating Logon API" name="Verify if Logon API is working with null reqId" time="0.054"/>
  <testcase classname="Validating Logon API" name="Verify if Logon API is working with null terminalId" time="0.05"/>
  <testcase classname="Validating Logon API" name="Verify if Logon API is working with null stan" time="0.057"/>
  <testcase classname="Validating Logon API" name="Verify if Logon API is working with Wrong MID" time="0.315"/>
  <testcase classname="Validating Logon API" name="Verify if Logon API is working with Wrong TID" time="0.329"/>
  <testcase classname="Validating Logon API" name="Verify if Logon API is working with Wrong processingCode" time="0.059"/>
  <testcase classname="Validating Logon API" name="Verify if Logon API is working with Wrong posSerialNumber" time="0.046"/>
</testsuite>